<?xml version="1.0" encoding="UTF-8"?>
<coverage generated="1616211351648" clover="3.2.0">
  <project timestamp="1616211351648" name="All files">
    <metrics statements="28" coveredstatements="28" conditionals="13" coveredconditionals="13" methods="7" coveredmethods="7" elements="48" coveredelements="48" complexity="0" loc="28" ncloc="28" packages="2" files="3" classes="3"/>
    <package name="mocks">
      <metrics statements="1" coveredstatements="1" conditionals="0" coveredconditionals="0" methods="0" coveredmethods="0"/>
      <file name="transactions-data.js" path="/Users/anniehall/Documents/annie/side_projects/web-homework/webapp/mocks/transactions-data.js">
        <metrics statements="1" coveredstatements="1" conditionals="0" coveredconditionals="0" methods="0" coveredmethods="0"/>
        <line num="1" count="1" type="stmt"/>
      </file>
    </package>
    <package name="src.common">
      <metrics statements="27" coveredstatements="27" conditionals="13" coveredconditionals="13" methods="7" coveredmethods="7"/>
      <file name="propType.js" path="/Users/anniehall/Documents/annie/side_projects/web-homework/webapp/src/common/propType.js">
        <metrics statements="2" coveredstatements="2" conditionals="0" coveredconditionals="0" methods="0" coveredmethods="0"/>
        <line num="3" count="1" type="stmt"/>
        <line num="13" count="1" type="stmt"/>
      </file>
      <file name="utils.js" path="/Users/anniehall/Documents/annie/side_projects/web-homework/webapp/src/common/utils.js">
        <metrics statements="25" coveredstatements="25" conditionals="13" coveredconditionals="13" methods="7" coveredmethods="7"/>
        <line num="4" count="2" type="cond" truecount="2" falsecount="0"/>
        <line num="5" count="1" type="stmt"/>
        <line num="11" count="1" type="cond" truecount="1" falsecount="0"/>
        <line num="12" count="2" type="stmt"/>
        <line num="13" count="24" type="cond" truecount="2" falsecount="0"/>
        <line num="14" count="3" type="cond" truecount="2" falsecount="0"/>
        <line num="15" count="1" type="stmt"/>
        <line num="17" count="21" type="stmt"/>
        <line num="18" count="3" type="stmt"/>
        <line num="20" count="2" type="stmt"/>
        <line num="22" count="1" type="stmt"/>
        <line num="24" count="1" type="stmt"/>
        <line num="25" count="1" type="stmt"/>
        <line num="41" count="1" type="stmt"/>
        <line num="42" count="3" type="cond" truecount="4" falsecount="0"/>
        <line num="43" count="2" type="stmt"/>
        <line num="44" count="2" type="stmt"/>
        <line num="45" count="2" type="stmt"/>
        <line num="46" count="9" type="stmt"/>
        <line num="47" count="69" type="stmt"/>
        <line num="48" count="69" type="cond" truecount="2" falsecount="0"/>
        <line num="49" count="7" type="stmt"/>
        <line num="50" count="7" type="stmt"/>
        <line num="54" count="2" type="stmt"/>
        <line num="55" count="2" type="stmt"/>
      </file>
    </package>
  </project>
</coverage>
