<?xml version="1.0" encoding="UTF-8"?>
<coverage generated="1616451902514" clover="3.2.0">
  <project timestamp="1616451902514" name="All files">
    <metrics statements="55" coveredstatements="55" conditionals="28" coveredconditionals="23" methods="14" coveredmethods="14" elements="97" coveredelements="92" complexity="0" loc="55" ncloc="55" packages="2" files="6" classes="6"/>
    <package name="mocks">
      <metrics statements="3" coveredstatements="3" conditionals="0" coveredconditionals="0" methods="0" coveredmethods="0"/>
      <file name="transactions-data.js" path="/Users/anniehall/Documents/annie/side_projects/web-homework/webapp/mocks/transactions-data.js">
        <metrics statements="2" coveredstatements="2" conditionals="0" coveredconditionals="0" methods="0" coveredmethods="0"/>
        <line num="1" count="1" type="stmt"/>
        <line num="58" count="1" type="stmt"/>
      </file>
      <file name="users-data.js" path="/Users/anniehall/Documents/annie/side_projects/web-homework/webapp/mocks/users-data.js">
        <metrics statements="1" coveredstatements="1" conditionals="0" coveredconditionals="0" methods="0" coveredmethods="0"/>
        <line num="1" count="1" type="stmt"/>
      </file>
    </package>
    <package name="src.common">
      <metrics statements="52" coveredstatements="52" conditionals="28" coveredconditionals="23" methods="14" coveredmethods="14"/>
      <file name="propType.js" path="/Users/anniehall/Documents/annie/side_projects/web-homework/webapp/src/common/propType.js">
        <metrics statements="3" coveredstatements="3" conditionals="0" coveredconditionals="0" methods="0" coveredmethods="0"/>
        <line num="3" count="2" type="stmt"/>
        <line num="10" count="2" type="stmt"/>
        <line num="26" count="2" type="stmt"/>
      </file>
      <file name="transaction-utils.js" path="/Users/anniehall/Documents/annie/side_projects/web-homework/webapp/src/common/transaction-utils.js">
        <metrics statements="18" coveredstatements="18" conditionals="15" coveredconditionals="11" methods="6" coveredmethods="6"/>
        <line num="4" count="1" type="cond" truecount="1" falsecount="0"/>
        <line num="5" count="2" type="stmt"/>
        <line num="6" count="2" type="stmt"/>
        <line num="7" count="3" type="stmt"/>
        <line num="15" count="18" type="stmt"/>
        <line num="16" count="3" type="stmt"/>
        <line num="18" count="2" type="stmt"/>
        <line num="21" count="1" type="cond" truecount="0" falsecount="2"/>
        <line num="22" count="2" type="cond" truecount="4" falsecount="0"/>
        <line num="23" count="1" type="stmt"/>
        <line num="24" count="3" type="stmt"/>
        <line num="25" count="3" type="stmt"/>
        <line num="27" count="1" type="stmt"/>
        <line num="28" count="3" type="stmt"/>
        <line num="29" count="3" type="cond" truecount="2" falsecount="0"/>
        <line num="30" count="3" type="stmt"/>
        <line num="31" count="3" type="stmt"/>
        <line num="33" count="1" type="stmt"/>
      </file>
      <file name="user-utils.js" path="/Users/anniehall/Documents/annie/side_projects/web-homework/webapp/src/common/user-utils.js">
        <metrics statements="11" coveredstatements="11" conditionals="5" coveredconditionals="4" methods="4" coveredmethods="4"/>
        <line num="4" count="2" type="stmt"/>
        <line num="5" count="7" type="cond" truecount="2" falsecount="0"/>
        <line num="6" count="6" type="stmt"/>
        <line num="9" count="2" type="cond" truecount="0" falsecount="1"/>
        <line num="10" count="2" type="stmt"/>
        <line num="11" count="2" type="stmt"/>
        <line num="12" count="2" type="stmt"/>
        <line num="17" count="6" type="stmt"/>
        <line num="18" count="2" type="stmt"/>
        <line num="20" count="2" type="stmt"/>
        <line num="22" count="2" type="stmt"/>
      </file>
      <file name="utils.js" path="/Users/anniehall/Documents/annie/side_projects/web-homework/webapp/src/common/utils.js">
        <metrics statements="20" coveredstatements="20" conditionals="8" coveredconditionals="8" methods="4" coveredmethods="4"/>
        <line num="3" count="2" type="cond" truecount="2" falsecount="0"/>
        <line num="4" count="2" type="stmt"/>
        <line num="10" count="2" type="stmt"/>
        <line num="11" count="3" type="stmt"/>
        <line num="12" count="3" type="stmt"/>
        <line num="14" count="1" type="stmt"/>
        <line num="18" count="2" type="stmt"/>
        <line num="19" count="2" type="stmt"/>
        <line num="35" count="2" type="stmt"/>
        <line num="36" count="4" type="cond" truecount="4" falsecount="0"/>
        <line num="37" count="2" type="stmt"/>
        <line num="38" count="2" type="stmt"/>
        <line num="39" count="2" type="stmt"/>
        <line num="40" count="9" type="stmt"/>
        <line num="41" count="69" type="stmt"/>
        <line num="42" count="69" type="cond" truecount="2" falsecount="0"/>
        <line num="43" count="7" type="stmt"/>
        <line num="44" count="7" type="stmt"/>
        <line num="48" count="2" type="stmt"/>
        <line num="49" count="2" type="stmt"/>
      </file>
    </package>
  </project>
</coverage>
