{"/Users/anniehall/Documents/annie/side_projects/web-homework/webapp/mocks/transactions-data.js": {"path":"/Users/anniehall/Documents/annie/side_projects/web-homework/webapp/mocks/transactions-data.js","statementMap":{"0":{"start":{"line":1,"column":21},"end":{"line":32,"column":1}}},"fnMap":{},"branchMap":{},"s":{"0":1},"f":{},"b":{},"_coverageSchema":"43e27e138ebf9cfc5966b082cf9a028302ed4184","hash":"5849be57f0920d696a65156fdc8bac69eef429df"}
,"/Users/anniehall/Documents/annie/side_projects/web-homework/webapp/src/common/propType.js": {"path":"/Users/anniehall/Documents/annie/side_projects/web-homework/webapp/src/common/propType.js","statementMap":{"0":{"start":{"line":3,"column":28},"end":{"line":11,"column":2}},"1":{"start":{"line":13,"column":21},"end":{"line":19,"column":2}}},"fnMap":{},"branchMap":{},"s":{"0":1,"1":1},"f":{},"b":{},"_coverageSchema":"43e27e138ebf9cfc5966b082cf9a028302ed4184","hash":"2cbf621b3a400c65e76689365587f1a3bba27981"}
,"/Users/anniehall/Documents/annie/side_projects/web-homework/webapp/src/common/utils.js": {"path":"/Users/anniehall/Documents/annie/side_projects/web-homework/webapp/src/common/utils.js","statementMap":{"0":{"start":{"line":4,"column":30},"end":{"line":4,"column":110}},"1":{"start":{"line":4,"column":57},"end":{"line":4,"column":110}},"2":{"start":{"line":5,"column":0},"end":{"line":9,"column":1}},"3":{"start":{"line":11,"column":33},"end":{"line":21,"column":1}},"4":{"start":{"line":12,"column":26},"end":{"line":19,"column":14}},"5":{"start":{"line":13,"column":17},"end":{"line":13,"column":90}},"6":{"start":{"line":13,"column":47},"end":{"line":13,"column":89}},"7":{"start":{"line":14,"column":4},"end":{"line":16,"column":5}},"8":{"start":{"line":15,"column":6},"end":{"line":15,"column":25}},"9":{"start":{"line":17,"column":4},"end":{"line":17,"column":41}},"10":{"start":{"line":17,"column":30},"end":{"line":17,"column":39}},"11":{"start":{"line":18,"column":4},"end":{"line":18,"column":26}},"12":{"start":{"line":20,"column":2},"end":{"line":20,"column":24}},"13":{"start":{"line":22,"column":0},"end":{"line":22,"column":71}},"14":{"start":{"line":24,"column":18},"end":{"line":24,"column":72}},"15":{"start":{"line":25,"column":27},"end":{"line":39,"column":1}},"16":{"start":{"line":41,"column":31},"end":{"line":56,"column":1}},"17":{"start":{"line":42,"column":2},"end":{"line":42,"column":55}},"18":{"start":{"line":42,"column":45},"end":{"line":42,"column":55}},"19":{"start":{"line":43,"column":18},"end":{"line":43,"column":20}},"20":{"start":{"line":44,"column":16},"end":{"line":44,"column":32}},"21":{"start":{"line":45,"column":20},"end":{"line":53,"column":3}},"22":{"start":{"line":46,"column":4},"end":{"line":52,"column":5}},"23":{"start":{"line":46,"column":17},"end":{"line":46,"column":18}},"24":{"start":{"line":47,"column":18},"end":{"line":47,"column":30}},"25":{"start":{"line":48,"column":6},"end":{"line":51,"column":7}},"26":{"start":{"line":49,"column":8},"end":{"line":49,"column":45}},"27":{"start":{"line":50,"column":8},"end":{"line":50,"column":39}},"28":{"start":{"line":54,"column":2},"end":{"line":54,"column":16}},"29":{"start":{"line":55,"column":2},"end":{"line":55,"column":25}}},"fnMap":{"0":{"name":"(anonymous_0)","decl":{"start":{"line":4,"column":30},"end":{"line":4,"column":31}},"loc":{"start":{"line":4,"column":57},"end":{"line":4,"column":110}},"line":4},"1":{"name":"(anonymous_1)","decl":{"start":{"line":11,"column":33},"end":{"line":11,"column":34}},"loc":{"start":{"line":11,"column":48},"end":{"line":21,"column":1}},"line":11},"2":{"name":"(anonymous_2)","decl":{"start":{"line":12,"column":38},"end":{"line":12,"column":39}},"loc":{"start":{"line":12,"column":65},"end":{"line":19,"column":3}},"line":12},"3":{"name":"(anonymous_3)","decl":{"start":{"line":13,"column":42},"end":{"line":13,"column":43}},"loc":{"start":{"line":13,"column":47},"end":{"line":13,"column":89}},"line":13},"4":{"name":"(anonymous_4)","decl":{"start":{"line":17,"column":23},"end":{"line":17,"column":24}},"loc":{"start":{"line":17,"column":30},"end":{"line":17,"column":39}},"line":17},"5":{"name":"(anonymous_5)","decl":{"start":{"line":41,"column":31},"end":{"line":41,"column":32}},"loc":{"start":{"line":41,"column":40},"end":{"line":56,"column":1}},"line":41},"6":{"name":"(anonymous_6)","decl":{"start":{"line":45,"column":20},"end":{"line":45,"column":21}},"loc":{"start":{"line":45,"column":33},"end":{"line":53,"column":3}},"line":45}},"branchMap":{"0":{"loc":{"start":{"line":4,"column":74},"end":{"line":4,"column":108}},"type":"cond-expr","locations":[{"start":{"line":4,"column":87},"end":{"line":4,"column":103}},{"start":{"line":4,"column":106},"end":{"line":4,"column":108}}],"line":4},"1":{"loc":{"start":{"line":11,"column":34},"end":{"line":11,"column":43}},"type":"default-arg","locations":[{"start":{"line":11,"column":41},"end":{"line":11,"column":43}}],"line":11},"2":{"loc":{"start":{"line":13,"column":47},"end":{"line":13,"column":89}},"type":"binary-expr","locations":[{"start":{"line":13,"column":47},"end":{"line":13,"column":65}},{"start":{"line":13,"column":69},"end":{"line":13,"column":89}}],"line":13},"3":{"loc":{"start":{"line":14,"column":4},"end":{"line":16,"column":5}},"type":"if","locations":[{"start":{"line":14,"column":4},"end":{"line":16,"column":5}},{"start":{"line":14,"column":4},"end":{"line":16,"column":5}}],"line":14},"4":{"loc":{"start":{"line":42,"column":2},"end":{"line":42,"column":55}},"type":"if","locations":[{"start":{"line":42,"column":2},"end":{"line":42,"column":55}},{"start":{"line":42,"column":2},"end":{"line":42,"column":55}}],"line":42},"5":{"loc":{"start":{"line":42,"column":6},"end":{"line":42,"column":43}},"type":"binary-expr","locations":[{"start":{"line":42,"column":6},"end":{"line":42,"column":29}},{"start":{"line":42,"column":33},"end":{"line":42,"column":43}}],"line":42},"6":{"loc":{"start":{"line":48,"column":6},"end":{"line":51,"column":7}},"type":"if","locations":[{"start":{"line":48,"column":6},"end":{"line":51,"column":7}},{"start":{"line":48,"column":6},"end":{"line":51,"column":7}}],"line":48}},"s":{"0":1,"1":2,"2":1,"3":1,"4":2,"5":3,"6":24,"7":3,"8":1,"9":3,"10":21,"11":3,"12":2,"13":1,"14":1,"15":1,"16":1,"17":3,"18":1,"19":2,"20":2,"21":2,"22":9,"23":9,"24":69,"25":69,"26":7,"27":7,"28":2,"29":2},"f":{"0":2,"1":2,"2":3,"3":24,"4":21,"5":3,"6":9},"b":{"0":[1,1],"1":[1],"2":[24,21],"3":[1,2],"4":[1,2],"5":[3,2],"6":[7,62]},"_coverageSchema":"43e27e138ebf9cfc5966b082cf9a028302ed4184","hash":"4e349956f520b61a65d5f0845d27f4dfdd637c9e"}
}
