{"/Users/anniehall/Documents/annie/side_projects/web-homework/webapp/mocks/transactions-data.js": {"path":"/Users/anniehall/Documents/annie/side_projects/web-homework/webapp/mocks/transactions-data.js","statementMap":{"0":{"start":{"line":1,"column":21},"end":{"line":56,"column":1}},"1":{"start":{"line":58,"column":18},"end":{"line":75,"column":2}}},"fnMap":{},"branchMap":{},"s":{"0":1,"1":1},"f":{},"b":{},"_coverageSchema":"43e27e138ebf9cfc5966b082cf9a028302ed4184","hash":"90e81875e231964144244124040437e1457223f1"}
,"/Users/anniehall/Documents/annie/side_projects/web-homework/webapp/mocks/users-data.js": {"path":"/Users/anniehall/Documents/annie/side_projects/web-homework/webapp/mocks/users-data.js","statementMap":{"0":{"start":{"line":1,"column":21},"end":{"line":14,"column":1}}},"fnMap":{},"branchMap":{},"s":{"0":1},"f":{},"b":{},"_coverageSchema":"43e27e138ebf9cfc5966b082cf9a028302ed4184","hash":"40018305742ee6d5b769c155fb3ed6f5bd998230"}
,"/Users/anniehall/Documents/annie/side_projects/web-homework/webapp/src/common/propType.js": {"path":"/Users/anniehall/Documents/annie/side_projects/web-homework/webapp/src/common/propType.js","statementMap":{"0":{"start":{"line":3,"column":25},"end":{"line":8,"column":2}},"1":{"start":{"line":10,"column":28},"end":{"line":24,"column":2}},"2":{"start":{"line":26,"column":21},"end":{"line":32,"column":2}}},"fnMap":{},"branchMap":{},"s":{"0":2,"1":2,"2":2},"f":{},"b":{},"_coverageSchema":"43e27e138ebf9cfc5966b082cf9a028302ed4184","hash":"0d1a2eaacb54cd7dbd5ff9501d3710bbc5219bf7"}
,"/Users/anniehall/Documents/annie/side_projects/web-homework/webapp/src/common/transaction-utils.js": {"path":"/Users/anniehall/Documents/annie/side_projects/web-homework/webapp/src/common/transaction-utils.js","statementMap":{"0":{"start":{"line":4,"column":44},"end":{"line":19,"column":1}},"1":{"start":{"line":5,"column":18},"end":{"line":5,"column":91}},"2":{"start":{"line":6,"column":15},"end":{"line":17,"column":8}},"3":{"start":{"line":7,"column":16},"end":{"line":14,"column":5}},"4":{"start":{"line":15,"column":4},"end":{"line":15,"column":40}},"5":{"start":{"line":15,"column":33},"end":{"line":15,"column":39}},"6":{"start":{"line":16,"column":4},"end":{"line":16,"column":14}},"7":{"start":{"line":18,"column":2},"end":{"line":18,"column":24}},"8":{"start":{"line":21,"column":35},"end":{"line":34,"column":1}},"9":{"start":{"line":22,"column":2},"end":{"line":22,"column":63}},"10":{"start":{"line":22,"column":49},"end":{"line":22,"column":63}},"11":{"start":{"line":23,"column":21},"end":{"line":26,"column":8}},"12":{"start":{"line":24,"column":4},"end":{"line":24,"column":26}},"13":{"start":{"line":25,"column":4},"end":{"line":25,"column":14}},"14":{"start":{"line":27,"column":31},"end":{"line":32,"column":13}},"15":{"start":{"line":28,"column":4},"end":{"line":28,"column":28}},"16":{"start":{"line":29,"column":22},"end":{"line":29,"column":65}},"17":{"start":{"line":30,"column":4},"end":{"line":30,"column":65}},"18":{"start":{"line":31,"column":4},"end":{"line":31,"column":31}},"19":{"start":{"line":33,"column":2},"end":{"line":33,"column":29}}},"fnMap":{"0":{"name":"(anonymous_0)","decl":{"start":{"line":4,"column":44},"end":{"line":4,"column":45}},"loc":{"start":{"line":4,"column":84},"end":{"line":19,"column":1}},"line":4},"1":{"name":"(anonymous_1)","decl":{"start":{"line":6,"column":35},"end":{"line":6,"column":36}},"loc":{"start":{"line":6,"column":47},"end":{"line":17,"column":3}},"line":6},"2":{"name":"(anonymous_2)","decl":{"start":{"line":15,"column":28},"end":{"line":15,"column":29}},"loc":{"start":{"line":15,"column":33},"end":{"line":15,"column":39}},"line":15},"3":{"name":"(anonymous_3)","decl":{"start":{"line":21,"column":35},"end":{"line":21,"column":36}},"loc":{"start":{"line":21,"column":74},"end":{"line":34,"column":1}},"line":21},"4":{"name":"(anonymous_4)","decl":{"start":{"line":23,"column":38},"end":{"line":23,"column":39}},"loc":{"start":{"line":23,"column":50},"end":{"line":26,"column":3}},"line":23},"5":{"name":"(anonymous_5)","decl":{"start":{"line":27,"column":51},"end":{"line":27,"column":52}},"loc":{"start":{"line":27,"column":80},"end":{"line":32,"column":3}},"line":27}},"branchMap":{"0":{"loc":{"start":{"line":4,"column":45},"end":{"line":4,"column":62}},"type":"default-arg","locations":[{"start":{"line":4,"column":60},"end":{"line":4,"column":62}}],"line":4},"1":{"loc":{"start":{"line":11,"column":22},"end":{"line":11,"column":73}},"type":"cond-expr","locations":[{"start":{"line":11,"column":33},"end":{"line":11,"column":40}},{"start":{"line":11,"column":43},"end":{"line":11,"column":73}}],"line":11},"2":{"loc":{"start":{"line":11,"column":43},"end":{"line":11,"column":73}},"type":"cond-expr","locations":[{"start":{"line":11,"column":55},"end":{"line":11,"column":63}},{"start":{"line":11,"column":66},"end":{"line":11,"column":73}}],"line":11},"3":{"loc":{"start":{"line":13,"column":14},"end":{"line":13,"column":88}},"type":"cond-expr","locations":[{"start":{"line":13,"column":32},"end":{"line":13,"column":58}},{"start":{"line":13,"column":61},"end":{"line":13,"column":88}}],"line":13},"4":{"loc":{"start":{"line":21,"column":36},"end":{"line":21,"column":50}},"type":"default-arg","locations":[{"start":{"line":21,"column":48},"end":{"line":21,"column":50}}],"line":21},"5":{"loc":{"start":{"line":21,"column":52},"end":{"line":21,"column":69}},"type":"default-arg","locations":[{"start":{"line":21,"column":67},"end":{"line":21,"column":69}}],"line":21},"6":{"loc":{"start":{"line":22,"column":2},"end":{"line":22,"column":63}},"type":"if","locations":[{"start":{"line":22,"column":2},"end":{"line":22,"column":63}},{"start":{"line":22,"column":2},"end":{"line":22,"column":63}}],"line":22},"7":{"loc":{"start":{"line":22,"column":6},"end":{"line":22,"column":47}},"type":"binary-expr","locations":[{"start":{"line":22,"column":6},"end":{"line":22,"column":23}},{"start":{"line":22,"column":27},"end":{"line":22,"column":47}}],"line":22},"8":{"loc":{"start":{"line":29,"column":22},"end":{"line":29,"column":65}},"type":"binary-expr","locations":[{"start":{"line":29,"column":22},"end":{"line":29,"column":60}},{"start":{"line":29,"column":64},"end":{"line":29,"column":65}}],"line":29}},"s":{"0":1,"1":2,"2":2,"3":3,"4":3,"5":18,"6":3,"7":2,"8":1,"9":2,"10":1,"11":1,"12":3,"13":3,"14":1,"15":3,"16":3,"17":3,"18":3,"19":1},"f":{"0":2,"1":3,"2":18,"3":2,"4":3,"5":3},"b":{"0":[1],"1":[1,2],"2":[2,0],"3":[0,3],"4":[0],"5":[0],"6":[1,1],"7":[2,1],"8":[3,2]},"_coverageSchema":"43e27e138ebf9cfc5966b082cf9a028302ed4184","hash":"91a3b7ff13511ea01e9afddb1a193f087ea6050d"}
,"/Users/anniehall/Documents/annie/side_projects/web-homework/webapp/src/common/user-utils.js": {"path":"/Users/anniehall/Documents/annie/side_projects/web-homework/webapp/src/common/user-utils.js","statementMap":{"0":{"start":{"line":4,"column":35},"end":{"line":7,"column":1}},"1":{"start":{"line":5,"column":2},"end":{"line":5,"column":22}},"2":{"start":{"line":5,"column":13},"end":{"line":5,"column":22}},"3":{"start":{"line":6,"column":2},"end":{"line":6,"column":47}},"4":{"start":{"line":9,"column":37},"end":{"line":21,"column":1}},"5":{"start":{"line":10,"column":18},"end":{"line":10,"column":55}},"6":{"start":{"line":11,"column":15},"end":{"line":19,"column":8}},"7":{"start":{"line":12,"column":16},"end":{"line":16,"column":5}},"8":{"start":{"line":17,"column":4},"end":{"line":17,"column":40}},"9":{"start":{"line":17,"column":33},"end":{"line":17,"column":39}},"10":{"start":{"line":18,"column":4},"end":{"line":18,"column":14}},"11":{"start":{"line":20,"column":2},"end":{"line":20,"column":24}},"12":{"start":{"line":22,"column":0},"end":{"line":22,"column":48}}},"fnMap":{"0":{"name":"(anonymous_0)","decl":{"start":{"line":4,"column":35},"end":{"line":4,"column":36}},"loc":{"start":{"line":4,"column":45},"end":{"line":7,"column":1}},"line":4},"1":{"name":"(anonymous_1)","decl":{"start":{"line":9,"column":37},"end":{"line":9,"column":38}},"loc":{"start":{"line":9,"column":53},"end":{"line":21,"column":1}},"line":9},"2":{"name":"(anonymous_2)","decl":{"start":{"line":11,"column":28},"end":{"line":11,"column":29}},"loc":{"start":{"line":11,"column":40},"end":{"line":19,"column":3}},"line":11},"3":{"name":"(anonymous_3)","decl":{"start":{"line":17,"column":28},"end":{"line":17,"column":29}},"loc":{"start":{"line":17,"column":33},"end":{"line":17,"column":39}},"line":17}},"branchMap":{"0":{"loc":{"start":{"line":5,"column":2},"end":{"line":5,"column":22}},"type":"if","locations":[{"start":{"line":5,"column":2},"end":{"line":5,"column":22}},{"start":{"line":5,"column":2},"end":{"line":5,"column":22}}],"line":5},"1":{"loc":{"start":{"line":9,"column":38},"end":{"line":9,"column":48}},"type":"default-arg","locations":[{"start":{"line":9,"column":46},"end":{"line":9,"column":48}}],"line":9},"2":{"loc":{"start":{"line":15,"column":29},"end":{"line":15,"column":50}},"type":"binary-expr","locations":[{"start":{"line":15,"column":29},"end":{"line":15,"column":44}},{"start":{"line":15,"column":48},"end":{"line":15,"column":50}}],"line":15}},"s":{"0":2,"1":7,"2":1,"3":6,"4":2,"5":2,"6":2,"7":2,"8":2,"9":6,"10":2,"11":2,"12":2},"f":{"0":7,"1":2,"2":2,"3":6},"b":{"0":[1,6],"1":[0],"2":[2,2]},"_coverageSchema":"43e27e138ebf9cfc5966b082cf9a028302ed4184","hash":"8cade864ce9dd2150eef5f1d3afc1e612fd214bd"}
,"/Users/anniehall/Documents/annie/side_projects/web-homework/webapp/src/common/utils.js": {"path":"/Users/anniehall/Documents/annie/side_projects/web-homework/webapp/src/common/utils.js","statementMap":{"0":{"start":{"line":3,"column":30},"end":{"line":3,"column":110}},"1":{"start":{"line":3,"column":57},"end":{"line":3,"column":110}},"2":{"start":{"line":4,"column":0},"end":{"line":8,"column":1}},"3":{"start":{"line":10,"column":26},"end":{"line":16,"column":1}},"4":{"start":{"line":11,"column":2},"end":{"line":15,"column":3}},"5":{"start":{"line":12,"column":4},"end":{"line":12,"column":28}},"6":{"start":{"line":14,"column":4},"end":{"line":14,"column":16}},"7":{"start":{"line":18,"column":18},"end":{"line":18,"column":72}},"8":{"start":{"line":19,"column":27},"end":{"line":33,"column":1}},"9":{"start":{"line":35,"column":31},"end":{"line":50,"column":1}},"10":{"start":{"line":36,"column":2},"end":{"line":36,"column":55}},"11":{"start":{"line":36,"column":45},"end":{"line":36,"column":55}},"12":{"start":{"line":37,"column":18},"end":{"line":37,"column":20}},"13":{"start":{"line":38,"column":16},"end":{"line":38,"column":32}},"14":{"start":{"line":39,"column":20},"end":{"line":47,"column":3}},"15":{"start":{"line":40,"column":4},"end":{"line":46,"column":5}},"16":{"start":{"line":40,"column":17},"end":{"line":40,"column":18}},"17":{"start":{"line":41,"column":18},"end":{"line":41,"column":30}},"18":{"start":{"line":42,"column":6},"end":{"line":45,"column":7}},"19":{"start":{"line":43,"column":8},"end":{"line":43,"column":45}},"20":{"start":{"line":44,"column":8},"end":{"line":44,"column":39}},"21":{"start":{"line":48,"column":2},"end":{"line":48,"column":16}},"22":{"start":{"line":49,"column":2},"end":{"line":49,"column":25}}},"fnMap":{"0":{"name":"(anonymous_0)","decl":{"start":{"line":3,"column":30},"end":{"line":3,"column":31}},"loc":{"start":{"line":3,"column":57},"end":{"line":3,"column":110}},"line":3},"1":{"name":"(anonymous_1)","decl":{"start":{"line":10,"column":26},"end":{"line":10,"column":27}},"loc":{"start":{"line":10,"column":37},"end":{"line":16,"column":1}},"line":10},"2":{"name":"(anonymous_2)","decl":{"start":{"line":35,"column":31},"end":{"line":35,"column":32}},"loc":{"start":{"line":35,"column":40},"end":{"line":50,"column":1}},"line":35},"3":{"name":"(anonymous_3)","decl":{"start":{"line":39,"column":20},"end":{"line":39,"column":21}},"loc":{"start":{"line":39,"column":33},"end":{"line":47,"column":3}},"line":39}},"branchMap":{"0":{"loc":{"start":{"line":3,"column":74},"end":{"line":3,"column":108}},"type":"cond-expr","locations":[{"start":{"line":3,"column":87},"end":{"line":3,"column":103}},{"start":{"line":3,"column":106},"end":{"line":3,"column":108}}],"line":3},"1":{"loc":{"start":{"line":36,"column":2},"end":{"line":36,"column":55}},"type":"if","locations":[{"start":{"line":36,"column":2},"end":{"line":36,"column":55}},{"start":{"line":36,"column":2},"end":{"line":36,"column":55}}],"line":36},"2":{"loc":{"start":{"line":36,"column":6},"end":{"line":36,"column":43}},"type":"binary-expr","locations":[{"start":{"line":36,"column":6},"end":{"line":36,"column":29}},{"start":{"line":36,"column":33},"end":{"line":36,"column":43}}],"line":36},"3":{"loc":{"start":{"line":42,"column":6},"end":{"line":45,"column":7}},"type":"if","locations":[{"start":{"line":42,"column":6},"end":{"line":45,"column":7}},{"start":{"line":42,"column":6},"end":{"line":45,"column":7}}],"line":42}},"s":{"0":2,"1":2,"2":2,"3":2,"4":0,"5":0,"6":0,"7":2,"8":2,"9":2,"10":3,"11":1,"12":2,"13":2,"14":2,"15":9,"16":9,"17":69,"18":69,"19":7,"20":7,"21":2,"22":2},"f":{"0":2,"1":0,"2":3,"3":9},"b":{"0":[1,1],"1":[1,2],"2":[3,2],"3":[7,62]},"_coverageSchema":"43e27e138ebf9cfc5966b082cf9a028302ed4184","hash":"4b0a600634d3f579922b8aaaf6235e24469edb19"}
}
