TN:
SF:/Users/anniehall/Documents/annie/side_projects/web-homework/webapp/mocks/transactions-data.js
FNF:0
FNH:0
DA:1,1
LF:1
LH:1
BRF:0
BRH:0
end_of_record
TN:
SF:/Users/anniehall/Documents/annie/side_projects/web-homework/webapp/src/common/propType.js
FNF:0
FNH:0
DA:3,1
DA:13,1
LF:2
LH:2
BRF:0
BRH:0
end_of_record
TN:
SF:/Users/anniehall/Documents/annie/side_projects/web-homework/webapp/src/common/utils.js
FN:4,(anonymous_0)
FN:11,(anonymous_1)
FN:12,(anonymous_2)
FN:13,(anonymous_3)
FN:17,(anonymous_4)
FN:41,(anonymous_5)
FN:45,(anonymous_6)
FNF:7
FNH:7
FNDA:2,(anonymous_0)
FNDA:2,(anonymous_1)
FNDA:3,(anonymous_2)
FNDA:24,(anonymous_3)
FNDA:21,(anonymous_4)
FNDA:3,(anonymous_5)
FNDA:9,(anonymous_6)
DA:4,2
DA:5,1
DA:11,1
DA:12,2
DA:13,24
DA:14,3
DA:15,1
DA:17,21
DA:18,3
DA:20,2
DA:22,1
DA:24,1
DA:25,1
DA:41,1
DA:42,3
DA:43,2
DA:44,2
DA:45,2
DA:46,9
DA:47,69
DA:48,69
DA:49,7
DA:50,7
DA:54,2
DA:55,2
LF:25
LH:25
BRDA:4,0,0,1
BRDA:4,0,1,1
BRDA:11,1,0,1
BRDA:13,2,0,24
BRDA:13,2,1,21
BRDA:14,3,0,1
BRDA:14,3,1,2
BRDA:42,4,0,1
BRDA:42,4,1,2
BRDA:42,5,0,3
BRDA:42,5,1,2
BRDA:48,6,0,7
BRDA:48,6,1,62
BRF:13
BRH:13
end_of_record
