TN:
SF:/Users/anniehall/Documents/annie/side_projects/web-homework/webapp/mocks/transactions-data.js
FNF:0
FNH:0
DA:1,1
DA:58,1
LF:2
LH:2
BRF:0
BRH:0
end_of_record
TN:
SF:/Users/anniehall/Documents/annie/side_projects/web-homework/webapp/mocks/users-data.js
FNF:0
FNH:0
DA:1,1
LF:1
LH:1
BRF:0
BRH:0
end_of_record
TN:
SF:/Users/anniehall/Documents/annie/side_projects/web-homework/webapp/src/common/propType.js
FNF:0
FNH:0
DA:3,2
DA:10,2
DA:26,2
LF:3
LH:3
BRF:0
BRH:0
end_of_record
TN:
SF:/Users/anniehall/Documents/annie/side_projects/web-homework/webapp/src/common/transaction-utils.js
FN:4,(anonymous_0)
FN:6,(anonymous_1)
FN:15,(anonymous_2)
FN:21,(anonymous_3)
FN:23,(anonymous_4)
FN:27,(anonymous_5)
FNF:6
FNH:6
FNDA:2,(anonymous_0)
FNDA:3,(anonymous_1)
FNDA:18,(anonymous_2)
FNDA:2,(anonymous_3)
FNDA:3,(anonymous_4)
FNDA:3,(anonymous_5)
DA:4,1
DA:5,2
DA:6,2
DA:7,3
DA:15,18
DA:16,3
DA:18,2
DA:21,1
DA:22,2
DA:23,1
DA:24,3
DA:25,3
DA:27,1
DA:28,3
DA:29,3
DA:30,3
DA:31,3
DA:33,1
LF:18
LH:18
BRDA:4,0,0,1
BRDA:11,1,0,1
BRDA:11,1,1,2
BRDA:11,2,0,2
BRDA:11,2,1,0
BRDA:13,3,0,0
BRDA:13,3,1,3
BRDA:21,4,0,0
BRDA:21,5,0,0
BRDA:22,6,0,1
BRDA:22,6,1,1
BRDA:22,7,0,2
BRDA:22,7,1,1
BRDA:29,8,0,3
BRDA:29,8,1,2
BRF:15
BRH:11
end_of_record
TN:
SF:/Users/anniehall/Documents/annie/side_projects/web-homework/webapp/src/common/user-utils.js
FN:4,(anonymous_0)
FN:9,(anonymous_1)
FN:11,(anonymous_2)
FN:17,(anonymous_3)
FNF:4
FNH:4
FNDA:7,(anonymous_0)
FNDA:2,(anonymous_1)
FNDA:2,(anonymous_2)
FNDA:6,(anonymous_3)
DA:4,2
DA:5,7
DA:6,6
DA:9,2
DA:10,2
DA:11,2
DA:12,2
DA:17,6
DA:18,2
DA:20,2
DA:22,2
LF:11
LH:11
BRDA:5,0,0,1
BRDA:5,0,1,6
BRDA:9,1,0,0
BRDA:15,2,0,2
BRDA:15,2,1,2
BRF:5
BRH:4
end_of_record
TN:
SF:/Users/anniehall/Documents/annie/side_projects/web-homework/webapp/src/common/utils.js
FN:3,(anonymous_0)
FN:10,(anonymous_1)
FN:35,(anonymous_2)
FN:39,(anonymous_3)
FNF:4
FNH:3
FNDA:2,(anonymous_0)
FNDA:0,(anonymous_1)
FNDA:3,(anonymous_2)
FNDA:9,(anonymous_3)
DA:3,2
DA:4,2
DA:10,2
DA:11,0
DA:12,0
DA:14,0
DA:18,2
DA:19,2
DA:35,2
DA:36,3
DA:37,2
DA:38,2
DA:39,2
DA:40,9
DA:41,69
DA:42,69
DA:43,7
DA:44,7
DA:48,2
DA:49,2
LF:20
LH:17
BRDA:3,0,0,1
BRDA:3,0,1,1
BRDA:36,1,0,1
BRDA:36,1,1,2
BRDA:36,2,0,3
BRDA:36,2,1,2
BRDA:42,3,0,7
BRDA:42,3,1,62
BRF:8
BRH:8
end_of_record
